{"/Users/dung.nguyen/Hacking/spotify-extension/src/lib/parse.ts": {"path":"/Users/dung.nguyen/Hacking/spotify-extension/src/lib/parse.ts","statementMap":{"0":{"start":{"line":4,"column":2},"end":{"line":4,"column":23}},"1":{"start":{"line":4,"column":16},"end":{"line":4,"column":23}},"2":{"start":{"line":15,"column":6},"end":{"line":15,"column":13}},"3":{"start":{"line":17,"column":17},"end":{"line":17,"column":58}},"4":{"start":{"line":18,"column":21},"end":{"line":18,"column":59}},"5":{"start":{"line":21,"column":2},"end":{"line":29,"column":null}},"6":{"start":{"line":22,"column":47},"end":{"line":22,"column":62}},"7":{"start":{"line":23,"column":4},"end":{"line":28,"column":6}},"8":{"start":{"line":31,"column":2},"end":{"line":39,"column":4}},"9":{"start":{"line":3,"column":0},"end":{"line":3,"column":16}}},"fnMap":{"0":{"name":"parse","decl":{"start":{"line":3,"column":16},"end":{"line":3,"column":21}},"loc":{"start":{"line":3,"column":29},"end":{"line":40,"column":1}}}},"branchMap":{"0":{"loc":{"start":{"line":4,"column":2},"end":{"line":4,"column":23}},"type":"if","locations":[{"start":{"line":4,"column":2},"end":{"line":4,"column":23}},{"start":{"line":4,"column":2},"end":{"line":4,"column":23}}]},"1":{"loc":{"start":{"line":17,"column":38},"end":{"line":17,"column":53}},"type":"cond-expr","locations":[{"start":{"line":17,"column":38},"end":{"line":17,"column":53}},{"start":{"line":17,"column":56},"end":{"line":17,"column":58}}]},"2":{"loc":{"start":{"line":18,"column":41},"end":{"line":18,"column":54}},"type":"cond-expr","locations":[{"start":{"line":18,"column":41},"end":{"line":18,"column":54}},{"start":{"line":18,"column":57},"end":{"line":18,"column":59}}]},"3":{"loc":{"start":{"line":21,"column":2},"end":{"line":29,"column":null}},"type":"if","locations":[{"start":{"line":21,"column":2},"end":{"line":29,"column":null}},{"start":{"line":21,"column":2},"end":{"line":29,"column":null}}]}},"s":{"0":0,"1":0,"2":0,"3":0,"4":0,"5":0,"6":0,"7":0,"8":0,"9":0},"f":{"0":0},"b":{"0":[0,0],"1":[0,0],"2":[0,0],"3":[0,0]}}
,"/Users/dung.nguyen/Hacking/spotify-extension/src/lib/spotify.ts": {"path":"/Users/dung.nguyen/Hacking/spotify-extension/src/lib/spotify.ts","statementMap":{"0":{"start":{"line":3,"column":18},"end":{"line":3,"column":43}},"1":{"start":{"line":4,"column":27},"end":{"line":4,"column":39}},"2":{"start":{"line":11,"column":4},"end":{"line":16,"column":6}},"3":{"start":{"line":18,"column":4},"end":{"line":25,"column":6}},"4":{"start":{"line":29,"column":4},"end":{"line":62,"column":null}},"5":{"start":{"line":30,"column":18},"end":{"line":30,"column":53}},"6":{"start":{"line":32,"column":18},"end":{"line":37,"column":8}},"7":{"start":{"line":39,"column":19},"end":{"line":39,"column":35}},"8":{"start":{"line":40,"column":32},"end":{"line":53,"column":10}},"9":{"start":{"line":42,"column":28},"end":{"line":42,"column":70}},"10":{"start":{"line":44,"column":12},"end":{"line":51,"column":14}},"11":{"start":{"line":55,"column":6},"end":{"line":57,"column":null}},"12":{"start":{"line":56,"column":8},"end":{"line":56,"column":33}},"13":{"start":{"line":59,"column":6},"end":{"line":59,"column":24}},"14":{"start":{"line":61,"column":6},"end":{"line":61,"column":14}},"15":{"start":{"line":66,"column":16},"end":{"line":66,"column":59}},"16":{"start":{"line":68,"column":4},"end":{"line":85,"column":null}},"17":{"start":{"line":69,"column":18},"end":{"line":73,"column":8}},"18":{"start":{"line":75,"column":17},"end":{"line":75,"column":33}},"19":{"start":{"line":77,"column":6},"end":{"line":80,"column":null}},"20":{"start":{"line":78,"column":41},"end":{"line":78,"column":54}},"21":{"start":{"line":79,"column":8},"end":{"line":79,"column":33}},"22":{"start":{"line":82,"column":6},"end":{"line":82,"column":18}},"23":{"start":{"line":84,"column":6},"end":{"line":84,"column":13}},"24":{"start":{"line":89,"column":16},"end":{"line":89,"column":66}},"25":{"start":{"line":91,"column":4},"end":{"line":102,"column":null}},"26":{"start":{"line":92,"column":18},"end":{"line":96,"column":8}},"27":{"start":{"line":98,"column":19},"end":{"line":98,"column":35}},"28":{"start":{"line":99,"column":6},"end":{"line":99,"column":18}},"29":{"start":{"line":101,"column":6},"end":{"line":101,"column":13}},"30":{"start":{"line":106,"column":16},"end":{"line":106,"column":77}},"31":{"start":{"line":108,"column":4},"end":{"line":117,"column":null}},"32":{"start":{"line":109,"column":6},"end":{"line":114,"column":9}},"33":{"start":{"line":116,"column":6},"end":{"line":116,"column":14}},"34":{"start":{"line":121,"column":16},"end":{"line":121,"column":76}},"35":{"start":{"line":123,"column":33},"end":{"line":126,"column":6}},"36":{"start":{"line":129,"column":4},"end":{"line":137,"column":null}},"37":{"start":{"line":130,"column":6},"end":{"line":136,"column":8}},"38":{"start":{"line":139,"column":4},"end":{"line":150,"column":null}},"39":{"start":{"line":140,"column":6},"end":{"line":147,"column":9}},"40":{"start":{"line":149,"column":6},"end":{"line":149,"column":14}},"41":{"start":{"line":154,"column":16},"end":{"line":154,"column":76}},"42":{"start":{"line":156,"column":4},"end":{"line":165,"column":null}},"43":{"start":{"line":157,"column":6},"end":{"line":162,"column":9}},"44":{"start":{"line":164,"column":6},"end":{"line":164,"column":14}},"45":{"start":{"line":169,"column":16},"end":{"line":169,"column":80}},"46":{"start":{"line":171,"column":4},"end":{"line":180,"column":null}},"47":{"start":{"line":172,"column":6},"end":{"line":177,"column":9}},"48":{"start":{"line":179,"column":6},"end":{"line":179,"column":14}},"49":{"start":{"line":184,"column":16},"end":{"line":184,"column":94}},"50":{"start":{"line":186,"column":4},"end":{"line":195,"column":null}},"51":{"start":{"line":187,"column":6},"end":{"line":192,"column":9}},"52":{"start":{"line":194,"column":6},"end":{"line":194,"column":14}},"53":{"start":{"line":199,"column":16},"end":{"line":199,"column":93}},"54":{"start":{"line":201,"column":4},"end":{"line":210,"column":null}},"55":{"start":{"line":202,"column":6},"end":{"line":207,"column":9}},"56":{"start":{"line":209,"column":6},"end":{"line":209,"column":14}},"57":{"start":{"line":217,"column":16},"end":{"line":217,"column":59}},"58":{"start":{"line":218,"column":16},"end":{"line":218,"column":32}},"59":{"start":{"line":219,"column":24},"end":{"line":219,"column":40}},"60":{"start":{"line":220,"column":4},"end":{"line":220,"column":22}},"61":{"start":{"line":221,"column":4},"end":{"line":221,"column":16}},"62":{"start":{"line":6,"column":0},"end":{"line":6,"column":13}}},"fnMap":{"0":{"name":"(anonymous_7)","decl":{"start":{"line":10,"column":2},"end":{"line":10,"column":null}},"loc":{"start":{"line":10,"column":2},"end":{"line":26,"column":3}}},"1":{"name":"(anonymous_8)","decl":{"start":{"line":28,"column":15},"end":{"line":28,"column":25}},"loc":{"start":{"line":28,"column":25},"end":{"line":63,"column":null}}},"2":{"name":"(anonymous_10)","decl":{"start":{"line":42,"column":18},"end":{"line":42,"column":19}},"loc":{"start":{"line":42,"column":28},"end":{"line":42,"column":70}}},"3":{"name":"(anonymous_11)","decl":{"start":{"line":43,"column":15},"end":{"line":43,"column":16}},"loc":{"start":{"line":43,"column":24},"end":{"line":52,"column":11}}},"4":{"name":"(anonymous_12)","decl":{"start":{"line":65,"column":15},"end":{"line":65,"column":37}},"loc":{"start":{"line":65,"column":37},"end":{"line":86,"column":null}}},"5":{"name":"(anonymous_14)","decl":{"start":{"line":88,"column":15},"end":{"line":88,"column":33}},"loc":{"start":{"line":88,"column":33},"end":{"line":103,"column":null}}},"6":{"name":"(anonymous_16)","decl":{"start":{"line":105,"column":15},"end":{"line":105,"column":20}},"loc":{"start":{"line":105,"column":20},"end":{"line":118,"column":null}}},"7":{"name":"(anonymous_18)","decl":{"start":{"line":120,"column":15},"end":{"line":120,"column":19}},"loc":{"start":{"line":120,"column":28},"end":{"line":151,"column":null}}},"8":{"name":"(anonymous_20)","decl":{"start":{"line":153,"column":15},"end":{"line":153,"column":19}},"loc":{"start":{"line":153,"column":19},"end":{"line":166,"column":null}}},"9":{"name":"(anonymous_22)","decl":{"start":{"line":168,"column":15},"end":{"line":168,"column":19}},"loc":{"start":{"line":168,"column":19},"end":{"line":181,"column":null}}},"10":{"name":"(anonymous_24)","decl":{"start":{"line":183,"column":15},"end":{"line":183,"column":22}},"loc":{"start":{"line":183,"column":28},"end":{"line":196,"column":null}}},"11":{"name":"(anonymous_26)","decl":{"start":{"line":198,"column":15},"end":{"line":198,"column":21}},"loc":{"start":{"line":198,"column":27},"end":{"line":211,"column":null}}},"12":{"name":"(anonymous_28)","decl":{"start":{"line":213,"column":15},"end":{"line":213,"column":29}},"loc":{"start":{"line":213,"column":29},"end":{"line":222,"column":null}}}},"branchMap":{"0":{"loc":{"start":{"line":41,"column":8},"end":{"line":52,"column":12}},"type":"cond-expr","locations":[{"start":{"line":41,"column":8},"end":{"line":52,"column":12}},{"start":{"line":53,"column":8},"end":{"line":53,"column":10}}]},"1":{"loc":{"start":{"line":55,"column":6},"end":{"line":57,"column":null}},"type":"if","locations":[{"start":{"line":55,"column":6},"end":{"line":57,"column":null}},{"start":{"line":55,"column":6},"end":{"line":57,"column":null}}]},"2":{"loc":{"start":{"line":77,"column":6},"end":{"line":80,"column":null}},"type":"if","locations":[{"start":{"line":77,"column":6},"end":{"line":80,"column":null}},{"start":{"line":77,"column":6},"end":{"line":80,"column":null}}]},"3":{"loc":{"start":{"line":77,"column":10},"end":{"line":77,"column":14}},"type":"binary-expr","locations":[{"start":{"line":77,"column":10},"end":{"line":77,"column":14}},{"start":{"line":77,"column":18},"end":{"line":77,"column":35}}]},"4":{"loc":{"start":{"line":129,"column":4},"end":{"line":137,"column":null}},"type":"if","locations":[{"start":{"line":129,"column":4},"end":{"line":137,"column":null}},{"start":{"line":129,"column":4},"end":{"line":137,"column":null}}]}},"s":{"0":0,"1":0,"2":0,"3":0,"4":0,"5":0,"6":0,"7":0,"8":0,"9":0,"10":0,"11":0,"12":0,"13":0,"14":0,"15":0,"16":0,"17":0,"18":0,"19":0,"20":0,"21":0,"22":0,"23":0,"24":0,"25":0,"26":0,"27":0,"28":0,"29":0,"30":0,"31":0,"32":0,"33":0,"34":0,"35":0,"36":0,"37":0,"38":0,"39":0,"40":0,"41":0,"42":0,"43":0,"44":0,"45":0,"46":0,"47":0,"48":0,"49":0,"50":0,"51":0,"52":0,"53":0,"54":0,"55":0,"56":0,"57":0,"58":0,"59":0,"60":0,"61":0,"62":0},"f":{"0":0,"1":0,"2":0,"3":0,"4":0,"5":0,"6":0,"7":0,"8":0,"9":0,"10":0,"11":0,"12":0},"b":{"0":[0,0],"1":[0,0],"2":[0,0],"3":[0,0],"4":[0,0]}}
}
