TN:
SF:src/lib/parse.ts
FN:3,parse
FNF:1
FNH:0
FNDA:0,parse
DA:3,0
DA:4,0
DA:15,0
DA:17,0
DA:18,0
DA:21,0
DA:22,0
DA:23,0
DA:31,0
LF:9
LH:0
BRDA:4,0,0,0
BRDA:4,0,1,0
BRDA:17,1,0,0
BRDA:17,1,1,0
BRDA:18,2,0,0
BRDA:18,2,1,0
BRDA:21,3,0,0
BRDA:21,3,1,0
BRF:8
BRH:0
end_of_record
TN:
SF:src/lib/spotify.ts
FN:10,(anonymous_7)
FN:28,(anonymous_8)
FN:42,(anonymous_10)
FN:43,(anonymous_11)
FN:65,(anonymous_12)
FN:88,(anonymous_14)
FN:105,(anonymous_16)
FN:120,(anonymous_18)
FN:153,(anonymous_20)
FN:168,(anonymous_22)
FN:183,(anonymous_24)
FN:198,(anonymous_26)
FN:213,(anonymous_28)
FNF:13
FNH:0
FNDA:0,(anonymous_7)
FNDA:0,(anonymous_8)
FNDA:0,(anonymous_10)
FNDA:0,(anonymous_11)
FNDA:0,(anonymous_12)
FNDA:0,(anonymous_14)
FNDA:0,(anonymous_16)
FNDA:0,(anonymous_18)
FNDA:0,(anonymous_20)
FNDA:0,(anonymous_22)
FNDA:0,(anonymous_24)
FNDA:0,(anonymous_26)
FNDA:0,(anonymous_28)
DA:3,0
DA:4,0
DA:6,0
DA:11,0
DA:18,0
DA:29,0
DA:30,0
DA:32,0
DA:39,0
DA:40,0
DA:42,0
DA:44,0
DA:55,0
DA:56,0
DA:59,0
DA:61,0
DA:66,0
DA:68,0
DA:69,0
DA:75,0
DA:77,0
DA:78,0
DA:79,0
DA:82,0
DA:84,0
DA:89,0
DA:91,0
DA:92,0
DA:98,0
DA:99,0
DA:101,0
DA:106,0
DA:108,0
DA:109,0
DA:116,0
DA:121,0
DA:123,0
DA:129,0
DA:130,0
DA:139,0
DA:140,0
DA:149,0
DA:154,0
DA:156,0
DA:157,0
DA:164,0
DA:169,0
DA:171,0
DA:172,0
DA:179,0
DA:184,0
DA:186,0
DA:187,0
DA:194,0
DA:199,0
DA:201,0
DA:202,0
DA:209,0
DA:217,0
DA:218,0
DA:219,0
DA:220,0
DA:221,0
LF:63
LH:0
BRDA:41,0,0,0
BRDA:41,0,1,0
BRDA:55,1,0,0
BRDA:55,1,1,0
BRDA:77,2,0,0
BRDA:77,2,1,0
BRDA:77,3,0,0
BRDA:77,3,1,0
BRDA:129,4,0,0
BRDA:129,4,1,0
BRF:10
BRH:0
end_of_record
